2025-09-18T00:11:25.591396+00:00 johnnymusk systemd-logind[1451]: New seat seat0.
2025-09-18T00:11:25.591400+00:00 johnnymusk systemd-logind[1451]: Watching system buttons on /dev/input/event0 (Power Button)
2025-09-18T00:11:25.591404+00:00 johnnymusk systemd-logind[1451]: Watching system buttons on /dev/input/event1 (AT Translated Set 2 keyboard)
2025-09-18T00:11:25.608190+00:00 johnnymusk polkitd[1412]: Loading rules from directory /etc/polkit-1/rules.d
2025-09-18T00:11:25.610077+00:00 johnnymusk polkitd[1412]: Loading rules from directory /usr/share/polkit-1/rules.d
2025-09-18T00:11:25.666568+00:00 johnnymusk polkitd[1412]: Finished loading, compiling and executing 16 rules
2025-09-18T00:11:25.668710+00:00 johnnymusk polkitd[1412]: Acquired the name org.freedesktop.PolicyKit1 on the system bus
2025-09-18T00:11:30.064999+00:00 johnnymusk useradd[1888]: new group: name=johhnymusk, GID=1000
2025-09-18T00:11:30.065197+00:00 johnnymusk useradd[1888]: new user: name=johhnymusk, UID=1000, GID=1000, home=/home/johhnymusk, shell=/bin/bash, from=none
2025-09-18T00:11:30.065496+00:00 johnnymusk useradd[1888]: add 'johhnymusk' to group 'adm'
2025-09-18T00:11:30.065762+00:00 johnnymusk useradd[1888]: add 'johhnymusk' to group 'cdrom'
2025-09-18T00:11:30.065807+00:00 johnnymusk useradd[1888]: add 'johhnymusk' to group 'sudo'
2025-09-18T00:11:30.065840+00:00 johnnymusk useradd[1888]: add 'johhnymusk' to group 'dip'
2025-09-18T00:11:30.065878+00:00 johnnymusk useradd[1888]: add 'johhnymusk' to group 'plugdev'
2025-09-18T00:11:30.065909+00:00 johnnymusk useradd[1888]: add 'johhnymusk' to group 'users'
2025-09-18T00:11:30.065975+00:00 johnnymusk useradd[1888]: add 'johhnymusk' to group 'lpadmin'
2025-09-18T00:11:30.068461+00:00 johnnymusk useradd[1888]: add 'johhnymusk' to shadow group 'adm'
2025-09-18T00:11:30.068503+00:00 johnnymusk useradd[1888]: add 'johhnymusk' to shadow group 'cdrom'
2025-09-18T00:11:30.068521+00:00 johnnymusk useradd[1888]: add 'johhnymusk' to shadow group 'sudo'
2025-09-18T00:11:30.068544+00:00 johnnymusk useradd[1888]: add 'johhnymusk' to shadow group 'dip'
2025-09-18T00:11:30.068560+00:00 johnnymusk useradd[1888]: add 'johhnymusk' to shadow group 'plugdev'
2025-09-18T00:11:30.068589+00:00 johnnymusk useradd[1888]: add 'johhnymusk' to shadow group 'users'
2025-09-18T00:11:30.068606+00:00 johnnymusk useradd[1888]: add 'johhnymusk' to shadow group 'lpadmin'
2025-09-18T00:11:30.140108+00:00 johnnymusk passwd[1908]: password for 'johhnymusk' changed by 'root'
2025-09-18T00:11:32.969197+00:00 johnnymusk gdm-launch-environment]: pam_unix(gdm-launch-environment:session): session opened for user gdm(uid=120) by (uid=0)
2025-09-18T00:11:32.995386+00:00 johnnymusk systemd-logind[1451]: New session c1 of user gdm.
2025-09-18T00:11:33.015141+00:00 johnnymusk (systemd): pam_unix(systemd-user:session): session opened for user gdm(uid=120) by gdm(uid=0)
2025-09-18T00:11:34.797241+00:00 johnnymusk polkitd[1412]: Registered Authentication Agent for unix-session:c1 (system bus name :1.41 [/usr/bin/gnome-shell], object path /org/freedesktop/PolicyKit1/AuthenticationAgent, locale en_US.UTF-8)
2025-09-18T00:11:42.853716+00:00 johnnymusk gdm-password]: gkr-pam: unable to locate daemon control file
2025-09-18T00:11:42.853948+00:00 johnnymusk gdm-password]: gkr-pam: stashed password to try later in open session
2025-09-18T00:11:42.862491+00:00 johnnymusk gdm-password]: pam_unix(gdm-password:session): session opened for user johhnymusk(uid=1000) by johhnymusk(uid=0)
2025-09-18T00:11:42.876805+00:00 johnnymusk systemd-logind[1451]: New session 2 of user johhnymusk.
2025-09-18T00:11:42.897950+00:00 johnnymusk (systemd): pam_unix(systemd-user:session): session opened for user johhnymusk(uid=1000) by johhnymusk(uid=0)
2025-09-18T00:11:43.132581+00:00 johnnymusk gdm-password]: gkr-pam: unlocked login keyring
2025-09-18T00:11:43.874667+00:00 johnnymusk gnome-keyring-daemon[2793]: The Secret Service was already initialized
2025-09-18T00:11:43.874894+00:00 johnnymusk gnome-keyring-daemon[3107]: discover_other_daemon: 1
2025-09-18T00:11:43.875497+00:00 johnnymusk gnome-keyring-daemon[2793]: The PKCS#11 component was already initialized
2025-09-18T00:11:43.876201+00:00 johnnymusk gnome-keyring-daemon[3108]: discover_other_daemon: 1
2025-09-18T00:11:43.876984+00:00 johnnymusk gnome-keyring-daemon[3109]: discover_other_daemon: 1
2025-09-18T00:11:46.007430+00:00 johnnymusk polkitd[1412]: Registered Authentication Agent for unix-session:2 (system bus name :1.81 [/usr/bin/gnome-shell], object path /org/freedesktop/PolicyKit1/AuthenticationAgent, locale en_US.UTF-8)
2025-09-18T00:11:47.931563+00:00 johnnymusk gdm-launch-environment]: pam_unix(gdm-launch-environment:session): session closed for user gdm
2025-09-18T00:11:47.944206+00:00 johnnymusk systemd-logind[1451]: Session c1 logged out. Waiting for processes to exit.
2025-09-18T00:11:47.961037+00:00 johnnymusk polkitd[1412]: Unregistered Authentication Agent for unix-session:c1 (system bus name :1.41, object path /org/freedesktop/PolicyKit1/AuthenticationAgent, locale en_US.UTF-8) (disconnected from bus)
2025-09-18T00:11:47.968677+00:00 johnnymusk systemd-logind[1451]: Removed session c1.
2025-09-18T00:11:58.280052+00:00 johnnymusk (sd-pam): pam_unix(systemd-user:session): session closed for user gdm
2025-09-21T19:59:22.612865+00:00 johnnymusk dbus-daemon[1406]: [system] Failed to activate service 'org.bluez': timed out (service_start_timeout=25000ms)
2025-09-21T20:05:01.394287+00:00 johnnymusk CRON[6228]: pam_unix(cron:session): session opened for user root(uid=0) by root(uid=0)
2025-09-21T20:05:01.397460+00:00 johnnymusk CRON[6228]: pam_unix(cron:session): session closed for user root
2025-09-21T20:14:50.154293+00:00 johnnymusk gnome-keyring-daemon[2793]: couldn't initialize slot with master password: The password or PIN is incorrect
2025-09-21T20:14:50.157210+00:00 johnnymusk gdm-password]: gkr-pam: unlocked login keyring
2025-09-21T20:15:01.218859+00:00 johnnymusk CRON[6420]: pam_unix(cron:session): session opened for user root(uid=0) by root(uid=0)
2025-09-21T20:15:01.222506+00:00 johnnymusk CRON[6420]: pam_unix(cron:session): session closed for user root
2025-09-21T20:15:03.857520+00:00 johnnymusk sudo: johhnymusk : TTY=pts/0 ; PWD=/home/johhnymusk/Documents ; USER=root ; COMMAND=/usr/bin/nano /etc/gdm3/custom.conf
2025-09-21T20:15:03.859973+00:00 johnnymusk sudo: pam_unix(sudo:session): session opened for user root(uid=0) by johhnymusk(uid=1000)
2025-09-21T20:15:10.160612+00:00 johnnymusk sudo: pam_unix(sudo:session): session closed for user root
2025-09-21T20:15:17.725596+00:00 johnnymusk sudo: johhnymusk : TTY=pts/0 ; PWD=/home/johhnymusk/Documents ; USER=root ; COMMAND=/usr/bin/systemctl restart gdm3
2025-09-21T20:15:17.726334+00:00 johnnymusk sudo: pam_unix(sudo:session): session opened for user root(uid=0) by johhnymusk(uid=1000)
2025-09-21T20:15:17.832976+00:00 johnnymusk sudo: pam_unix(sudo:session): session closed for user root
2025-09-21T20:15:18.776247+00:00 johnnymusk polkitd[1412]: Unregistered Authentication Agent for unix-session:2 (system bus name :1.81, object path /org/freedesktop/PolicyKit1/AuthenticationAgent, locale en_US.UTF-8) (disconnected from bus)
2025-09-21T20:15:18.858040+00:00 johnnymusk gdm-password]: pam_unix(gdm-password:session): session closed for user johhnymusk
2025-09-21T20:15:18.898534+00:00 johnnymusk systemd-logind[1451]: Session 2 logged out. Waiting for processes to exit.
2025-09-21T20:15:18.921795+00:00 johnnymusk systemd-logind[1451]: Removed session 2.
2025-09-21T20:15:19.194884+00:00 johnnymusk gdm-launch-environment]: pam_unix(gdm-launch-environment:session): session opened for user gdm(uid=120) by (uid=0)
2025-09-21T20:15:19.201460+00:00 johnnymusk systemd-logind[1451]: New session c2 of user gdm.
2025-09-21T20:15:19.228884+00:00 johnnymusk (systemd): pam_unix(systemd-user:session): session opened for user gdm(uid=120) by gdm(uid=0)
2025-09-21T20:15:23.140903+00:00 johnnymusk polkitd[1412]: Registered Authentication Agent for unix-session:c2 (system bus name :1.146 [/usr/bin/gnome-shell], object path /org/freedesktop/PolicyKit1/AuthenticationAgent, locale en_US.UTF-8)
2025-09-21T20:15:28.600145+00:00 johnnymusk gdm-password]: gkr-pam: unable to locate daemon control file
2025-09-21T20:15:28.600261+00:00 johnnymusk gdm-password]: gkr-pam: stashed password to try later in open session
2025-09-21T20:15:28.606883+00:00 johnnymusk gdm-password]: pam_unix(gdm-password:session): session opened for user johhnymusk(uid=1000) by johhnymusk(uid=0)
2025-09-21T20:15:28.609377+00:00 johnnymusk systemd-logind[1451]: New session 7 of user johhnymusk.
2025-09-21T20:15:28.643068+00:00 johnnymusk gdm-password]: gkr-pam: unlocked login keyring
2025-09-21T20:15:30.532212+00:00 johnnymusk gnome-keyring-daemon[7185]: The Secret Service was already initialized
2025-09-21T20:15:30.532429+00:00 johnnymusk gnome-keyring-daemon[7335]: discover_other_daemon: 1
2025-09-21T20:15:30.543888+00:00 johnnymusk gnome-keyring-daemon[7339]: discover_other_daemon: 1
2025-09-21T20:15:30.544579+00:00 johnnymusk gnome-keyring-daemon[7185]: The PKCS#11 component was already initialized
2025-09-21T20:15:30.544821+00:00 johnnymusk gnome-keyring-daemon[7340]: discover_other_daemon: 1
2025-09-21T20:15:33.656575+00:00 johnnymusk polkitd[1412]: Registered Authentication Agent for unix-session:7 (system bus name :1.173 [/usr/bin/gnome-shell], object path /org/freedesktop/PolicyKit1/AuthenticationAgent, locale en_US.UTF-8)
2025-09-21T20:15:35.926882+00:00 johnnymusk polkitd[1412]: Unregistered Authentication Agent for unix-session:c2 (system bus name :1.146, object path /org/freedesktop/PolicyKit1/AuthenticationAgent, locale en_US.UTF-8) (disconnected from bus)
2025-09-21T20:15:35.940752+00:00 johnnymusk gdm-launch-environment]: pam_unix(gdm-launch-environment:session): session closed for user gdm
2025-09-21T20:15:35.949445+00:00 johnnymusk systemd-logind[1451]: Session c2 logged out. Waiting for processes to exit.
2025-09-21T20:15:35.951452+00:00 johnnymusk systemd-logind[1451]: Removed session c2.
2025-09-21T20:15:46.138547+00:00 johnnymusk (sd-pam): pam_unix(systemd-user:session): session closed for user gdm
2025-09-21T20:16:00.647019+00:00 johnnymusk sudo: johhnymusk : TTY=pts/0 ; PWD=/home/johhnymusk ; USER=root ; COMMAND=/usr/bin/nano /etc/gdm3/custom.conf
2025-09-21T20:16:00.647575+00:00 johnnymusk sudo: pam_unix(sudo:session): session opened for user root(uid=0) by johhnymusk(uid=1000)
2025-09-21T20:16:02.229477+00:00 johnnymusk sudo: pam_unix(sudo:session): session closed for user root
2025-09-21T20:16:11.325716+00:00 johnnymusk sudo: johhnymusk : TTY=pts/0 ; PWD=/home/johhnymusk ; USER=root ; COMMAND=/usr/bin/apt update
2025-09-21T20:16:11.326624+00:00 johnnymusk sudo: pam_unix(sudo:session): session opened for user root(uid=0) by johhnymusk(uid=1000)
2025-09-21T20:16:18.786959+00:00 johnnymusk sudo: pam_unix(sudo:session): session closed for user root
2025-09-21T20:16:23.829582+00:00 johnnymusk sudo: johhnymusk : TTY=pts/0 ; PWD=/home/johhnymusk ; USER=root ; COMMAND=/usr/bin/apt install -y software-properties-common
2025-09-21T20:16:23.830225+00:00 johnnymusk sudo: pam_unix(sudo:session): session opened for user root(uid=0) by johhnymusk(uid=1000)
2025-09-21T20:16:28.543597+00:00 johnnymusk sudo: pam_unix(sudo:session): session closed for user root
2025-09-21T20:16:33.943704+00:00 johnnymusk sudo: johhnymusk : TTY=pts/0 ; PWD=/home/johhnymusk ; USER=root ; COMMAND=/usr/bin/add-apt-repository -y ppa:deadsnakes/ppa
2025-09-21T20:16:33.944535+00:00 johnnymusk sudo: pam_unix(sudo:session): session opened for user root(uid=0) by johhnymusk(uid=1000)
2025-09-21T20:16:34.958893+00:00 johnnymusk pkexec: pam_unix(polkit-1:session): session opened for user root(uid=0) by johhnymusk(uid=1000)
2025-09-21T20:16:34.959647+00:00 johnnymusk pkexec[8891]: johhnymusk: Executing command [USER=root] [TTY=unknown] [CWD=/home/johhnymusk] [COMMAND=/usr/lib/update-notifier/package-system-locked]
2025-09-21T20:16:38.662434+00:00 johnnymusk sudo: pam_unix(sudo:session): session closed for user root
2025-09-21T20:16:41.760841+00:00 johnnymusk sudo: johhnymusk : TTY=pts/0 ; PWD=/home/johhnymusk ; USER=root ; COMMAND=/usr/bin/apt update
2025-09-21T20:16:41.762588+00:00 johnnymusk sudo: pam_unix(sudo:session): session opened for user root(uid=0) by johhnymusk(uid=1000)
2025-09-21T20:16:43.512534+00:00 johnnymusk sudo: pam_unix(sudo:session): session closed for user root
2025-09-21T20:16:48.880714+00:00 johnnymusk sudo: johhnymusk : TTY=pts/0 ; PWD=/home/johhnymusk ; USER=root ; COMMAND=/usr/bin/apt install -y qpdf curl git keepassxc exiv2 ffmpeg libimage-exiftool-perl python3.11 python3.11-dev python3.11-venv python3-pip python-is-python3 python3.8 python3.8-venv python3.8-dev python3.8-distutils
2025-09-21T20:16:48.882469+00:00 johnnymusk sudo: pam_unix(sudo:session): session opened for user root(uid=0) by johhnymusk(uid=1000)
2025-09-21T20:17:01.226015+00:00 johnnymusk CRON[9770]: pam_unix(cron:session): session opened for user root(uid=0) by root(uid=0)
2025-09-21T20:17:01.228647+00:00 johnnymusk CRON[9770]: pam_unix(cron:session): session closed for user root
2025-09-21T20:17:36.470179+00:00 johnnymusk sudo: pam_unix(sudo:session): session closed for user root
2025-09-21T20:17:40.261646+00:00 johnnymusk sudo: johhnymusk : TTY=pts/0 ; PWD=/home/johhnymusk ; USER=root ; COMMAND=/usr/bin/apt update
2025-09-21T20:17:40.263987+00:00 johnnymusk sudo: pam_unix(sudo:session): session opened for user root(uid=0) by johhnymusk(uid=1000)
2025-09-21T20:17:41.813896+00:00 johnnymusk sudo: pam_unix(sudo:session): session closed for user root
2025-09-21T20:17:57.719882+00:00 johnnymusk polkitd[1412]: Reloading rules
2025-09-21T20:17:57.720045+00:00 johnnymusk polkitd[1412]: Collecting garbage unconditionally...
2025-09-21T20:17:57.720107+00:00 johnnymusk polkitd[1412]: Loading rules from directory /etc/polkit-1/rules.d
2025-09-21T20:17:57.720143+00:00 johnnymusk polkitd[1412]: Loading rules from directory /usr/share/polkit-1/rules.d
2025-09-21T20:17:57.730310+00:00 johnnymusk polkitd[1412]: Finished loading, compiling and executing 16 rules
2025-09-21T20:17:57.730455+00:00 johnnymusk polkitd[1412]: Reloading rules
2025-09-21T20:17:57.730492+00:00 johnnymusk polkitd[1412]: Collecting garbage unconditionally...
2025-09-21T20:17:57.730508+00:00 johnnymusk polkitd[1412]: Loading rules from directory /etc/polkit-1/rules.d
2025-09-21T20:17:57.730533+00:00 johnnymusk polkitd[1412]: Loading rules from directory /usr/share/polkit-1/rules.d
2025-09-21T20:17:57.733190+00:00 johnnymusk polkitd[1412]: Finished loading, compiling and executing 16 rules
2025-09-21T20:17:59.182014+00:00 johnnymusk polkitd[1412]: Reloading rules
2025-09-21T20:17:59.183701+00:00 johnnymusk polkitd[1412]: Collecting garbage unconditionally...
2025-09-21T20:17:59.183722+00:00 johnnymusk polkitd[1412]: Loading rules from directory /etc/polkit-1/rules.d
2025-09-21T20:17:59.183738+00:00 johnnymusk polkitd[1412]: Loading rules from directory /usr/share/polkit-1/rules.d
2025-09-21T20:17:59.184416+00:00 johnnymusk polkitd[1412]: Finished loading, compiling and executing 16 rules
2025-09-21T20:17:59.184541+00:00 johnnymusk polkitd[1412]: Reloading rules
2025-09-21T20:17:59.184587+00:00 johnnymusk polkitd[1412]: Collecting garbage unconditionally...
2025-09-21T20:17:59.186461+00:00 johnnymusk polkitd[1412]: Loading rules from directory /etc/polkit-1/rules.d
2025-09-21T20:17:59.186541+00:00 johnnymusk polkitd[1412]: Loading rules from directory /usr/share/polkit-1/rules.d
2025-09-21T20:17:59.188396+00:00 johnnymusk polkitd[1412]: Finished loading, compiling and executing 16 rules
2025-09-21T20:18:23.146476+00:00 johnnymusk sudo: johhnymusk : TTY=pts/0 ; PWD=/home/johhnymusk ; USER=root ; COMMAND=/usr/bin/nano /etc/gdm3/custom.conf
2025-09-21T20:18:23.147761+00:00 johnnymusk sudo: pam_unix(sudo:session): session opened for user root(uid=0) by johhnymusk(uid=1000)
2025-09-21T20:18:25.177397+00:00 johnnymusk sudo: pam_unix(sudo:session): session closed for user root
2025-09-21T20:18:25.532966+00:00 johnnymusk dbus-daemon[1406]: [system] Failed to activate service 'org.bluez': timed out (service_start_timeout=25000ms)
2025-09-21T20:18:31.031761+00:00 johnnymusk sudo: johhnymusk : TTY=pts/0 ; PWD=/home/johhnymusk ; USER=root ; COMMAND=/usr/bin/snap install irssi
2025-09-21T20:18:31.031926+00:00 johnnymusk sudo: pam_unix(sudo:session): session opened for user root(uid=0) by johhnymusk(uid=1000)
2025-09-21T20:18:39.625743+00:00 johnnymusk sudo: pam_unix(sudo:session): session closed for user root
2025-09-21T20:18:49.919627+00:00 johnnymusk sudo: johhnymusk : TTY=pts/0 ; PWD=/home/johhnymusk ; USER=root ; COMMAND=/usr/bin/snap install thunderbird
2025-09-21T20:18:49.920477+00:00 johnnymusk sudo: pam_unix(sudo:session): session opened for user root(uid=0) by johhnymusk(uid=1000)
2025-09-21T20:19:06.919007+00:00 johnnymusk sudo: pam_unix(sudo:session): session closed for user root
2025-09-21T20:19:14.050747+00:00 johnnymusk sudo: johhnymusk : TTY=pts/0 ; PWD=/home/johhnymusk ; USER=root ; COMMAND=/usr/bin/snap install code --classic
2025-09-21T20:19:14.051507+00:00 johnnymusk sudo: pam_unix(sudo:session): session opened for user root(uid=0) by johhnymusk(uid=1000)
2025-09-21T20:19:31.058026+00:00 johnnymusk sudo: pam_unix(sudo:session): session closed for user root
2025-09-21T20:19:41.107660+00:00 johnnymusk sudo: johhnymusk : TTY=pts/0 ; PWD=/home/johhnymusk ; USER=root ; COMMAND=/usr/bin/apt install -y python3.12 python3.12-venv python3.12-dev
2025-09-21T20:19:41.108386+00:00 johnnymusk sudo: pam_unix(sudo:session): session opened for user root(uid=0) by johhnymusk(uid=1000)
2025-09-21T20:19:43.407647+00:00 johnnymusk sudo: pam_unix(sudo:session): session closed for user root
2025-09-21T20:25:01.242172+00:00 johnnymusk CRON[17303]: pam_unix(cron:session): session opened for user root(uid=0) by root(uid=0)
2025-09-21T20:25:01.250127+00:00 johnnymusk CRON[17303]: pam_unix(cron:session): session closed for user root
2025-09-21T20:30:01.256943+00:00 johnnymusk CRON[17929]: pam_unix(cron:session): session opened for user root(uid=0) by root(uid=0)
2025-09-21T20:30:01.259333+00:00 johnnymusk CRON[17929]: pam_unix(cron:session): session closed for user root
2025-09-21T20:35:01.876556+00:00 johnnymusk CRON[19472]: pam_unix(cron:session): session opened for user root(uid=0) by root(uid=0)
2025-09-21T20:35:01.884502+00:00 johnnymusk CRON[19472]: pam_unix(cron:session): session closed for user root
2025-09-21T22:50:31.056365+00:00 johnnymusk CRON[20282]: pam_unix(cron:session): session opened for user root(uid=0) by root(uid=0)
2025-09-21T22:50:31.059474+00:00 johnnymusk CRON[20282]: pam_unix(cron:session): session closed for user root
2025-09-21T22:50:31.061857+00:00 johnnymusk CRON[20284]: pam_unix(cron:session): session opened for user root(uid=0) by root(uid=0)
2025-09-21T22:50:31.063546+00:00 johnnymusk CRON[20284]: pam_unix(cron:session): session closed for user root
2025-09-21T22:55:01.068241+00:00 johnnymusk CRON[20407]: pam_unix(cron:session): session opened for user root(uid=0) by root(uid=0)
2025-09-21T22:55:01.071652+00:00 johnnymusk CRON[20407]: pam_unix(cron:session): session closed for user root
2025-09-23T00:02:45.236504+00:00 johnnymusk gdm-password]: gkr-pam: unlocked login keyring
2025-09-23T00:03:42.624182+00:00 johnnymusk dbus-daemon[1406]: [system] Failed to activate service 'org.bluez': timed out (service_start_timeout=25000ms)
2025-09-23T00:05:01.993152+00:00 johnnymusk CRON[23025]: pam_unix(cron:session): session opened for user root(uid=0) by root(uid=0)
2025-09-23T00:05:01.998260+00:00 johnnymusk CRON[23025]: pam_unix(cron:session): session closed for user root
2025-09-23T00:10:02.012283+00:00 johnnymusk CRON[23242]: pam_unix(cron:session): session opened for user johhnymusk(uid=1000) by johhnymusk(uid=0)
2025-09-23T00:10:02.796251+00:00 johnnymusk CRON[23242]: pam_unix(cron:session): session closed for user johhnymusk
2025-09-23T00:15:01.802207+00:00 johnnymusk CRON[23397]: pam_unix(cron:session): session opened for user root(uid=0) by root(uid=0)
2025-09-23T00:15:01.807003+00:00 johnnymusk CRON[23397]: pam_unix(cron:session): session closed for user root
2025-09-23T00:17:01.811293+00:00 johnnymusk CRON[23500]: pam_unix(cron:session): session opened for user root(uid=0) by root(uid=0)
2025-09-23T00:17:01.815042+00:00 johnnymusk CRON[23500]: pam_unix(cron:session): session closed for user root
2025-09-23T00:20:01.824099+00:00 johnnymusk CRON[23535]: pam_unix(cron:session): session opened for user johhnymusk(uid=1000) by johhnymusk(uid=0)
2025-09-23T00:20:02.518819+00:00 johnnymusk CRON[23535]: pam_unix(cron:session): session closed for user johhnymusk
2025-09-23T00:25:01.525119+00:00 johnnymusk CRON[24061]: pam_unix(cron:session): session opened for user root(uid=0) by root(uid=0)
2025-09-23T00:25:01.527874+00:00 johnnymusk CRON[24061]: pam_unix(cron:session): session closed for user root
2025-09-23T00:26:47.241333+00:00 johnnymusk pkexec: pam_unix(polkit-1:session): session opened for user root(uid=0) by johhnymusk(uid=1000)
2025-09-23T00:26:47.246801+00:00 johnnymusk pkexec[24626]: johhnymusk: Executing command [USER=root] [TTY=unknown] [CWD=/home/johhnymusk] [COMMAND=/usr/lib/update-notifier/package-system-locked]
2025-09-23T00:30:01.541923+00:00 johnnymusk CRON[24779]: pam_unix(cron:session): session opened for user johhnymusk(uid=1000) by johhnymusk(uid=0)
2025-09-23T00:30:02.276304+00:00 johnnymusk CRON[24779]: pam_unix(cron:session): session closed for user johhnymusk
2025-09-23T00:35:01.280817+00:00 johnnymusk CRON[24981]: pam_unix(cron:session): session opened for user root(uid=0) by root(uid=0)
2025-09-23T00:35:01.286199+00:00 johnnymusk CRON[24981]: pam_unix(cron:session): session closed for user root
2025-09-23T00:36:56.801413+00:00 johnnymusk dbus-daemon[1406]: [system] Failed to activate service 'org.bluez': timed out (service_start_timeout=25000ms)
2025-09-23T00:40:01.293849+00:00 johnnymusk CRON[25418]: pam_unix(cron:session): session opened for user johhnymusk(uid=1000) by johhnymusk(uid=0)
2025-09-23T00:40:02.109078+00:00 johnnymusk CRON[25418]: pam_unix(cron:session): session closed for user johhnymusk
2025-09-23T00:45:01.114696+00:00 johnnymusk CRON[25797]: pam_unix(cron:session): session opened for user root(uid=0) by root(uid=0)
2025-09-23T00:45:01.118261+00:00 johnnymusk CRON[25797]: pam_unix(cron:session): session closed for user root
2025-09-23T00:45:45.793293+00:00 johnnymusk dbus-daemon[1406]: [system] Failed to activate service 'org.bluez': timed out (service_start_timeout=25000ms)
2025-09-23T00:50:01.128425+00:00 johnnymusk CRON[26212]: pam_unix(cron:session): session opened for user johhnymusk(uid=1000) by johhnymusk(uid=0)
2025-09-23T00:50:02.083050+00:00 johnnymusk CRON[26212]: pam_unix(cron:session): session closed for user johhnymusk
2025-09-23T00:55:01.102513+00:00 johnnymusk CRON[26370]: pam_unix(cron:session): session opened for user root(uid=0) by root(uid=0)
2025-09-23T00:55:01.113865+00:00 johnnymusk CRON[26370]: pam_unix(cron:session): session closed for user root
2025-09-23T00:58:38.407757+00:00 johnnymusk gnome-keyring-daemon[7185]: asked to register item /org/freedesktop/secrets/collection/login/1, but it's already registered
2025-09-23T00:58:59.127033+00:00 johnnymusk dbus-daemon[1406]: [system] Failed to activate service 'org.bluez': timed out (service_start_timeout=25000ms)
2025-09-23T01:00:01.117173+00:00 johnnymusk CRON[27265]: pam_unix(cron:session): session opened for user johhnymusk(uid=1000) by johhnymusk(uid=0)
2025-09-23T01:00:02.646130+00:00 johnnymusk CRON[27265]: pam_unix(cron:session): session closed for user johhnymusk
2025-09-23T01:05:01.652026+00:00 johnnymusk CRON[27477]: pam_unix(cron:session): session opened for user root(uid=0) by root(uid=0)
2025-09-23T01:05:01.655027+00:00 johnnymusk CRON[27477]: pam_unix(cron:session): session closed for user root
2025-09-23T01:06:00.413885+00:00 johnnymusk sudo: johhnymusk : TTY=pts/0 ; PWD=/home/johhnymusk/Documents ; USER=root ; COMMAND=/usr/bin/apt install secure-delete
2025-09-23T01:06:00.420144+00:00 johnnymusk sudo: pam_unix(sudo:session): session opened for user root(uid=0) by johhnymusk(uid=1000)
2025-09-23T01:06:04.407486+00:00 johnnymusk sudo: pam_unix(sudo:session): session closed for user root
2025-09-23T02:37:49.647076+00:00 johnnymusk CRON[27960]: pam_unix(cron:session): session opened for user root(uid=0) by root(uid=0)
2025-09-23T02:37:49.651228+00:00 johnnymusk CRON[27960]: pam_unix(cron:session): session closed for user root
2025-09-23T02:43:31.294529+00:00 johnnymusk systemd-logind[1451]: The system will power off now!
2025-09-23T02:43:31.720093+00:00 johnnymusk systemd-logind[1451]: System is powering down.
2025-09-23T02:43:31.812274+00:00 johnnymusk gdm-password]: pam_unix(gdm-password:session): session closed for user johhnymusk
